[INFO  - 2017-01-07T19:26:51.490Z] GhostDriver - Main - running on port 15185
[INFO  - 2017-01-07T19:26:51.854Z] Session [3dbe3480-d50f-11e6-a0ad-bdae01a0f104] - page.settings - {"XSSAuditingEnabled":false,"javascriptCanCloseWindows":true,"javascriptCanOpenWindows":true,"javascriptEnabled":true,"loadImages":true,"localToRemoteUrlAccessEnabled":false,"userAgent":"Mozilla/5.0 (Windows NT 6.2; WOW64) AppleWebKit/538.1 (KHTML, like Gecko) PhantomJS/2.1.1 Safari/538.1","webSecurityEnabled":true}
[INFO  - 2017-01-07T19:26:51.855Z] Session [3dbe3480-d50f-11e6-a0ad-bdae01a0f104] - page.customHeaders:  - {}
[INFO  - 2017-01-07T19:26:51.855Z] Session [3dbe3480-d50f-11e6-a0ad-bdae01a0f104] - Session.negotiatedCapabilities - {"browserName":"phantomjs","version":"2.1.1","driverName":"ghostdriver","driverVersion":"1.2.0","platform":"windows-10-32bit","javascriptEnabled":true,"takesScreenshot":true,"handlesAlerts":false,"databaseEnabled":false,"locationContextEnabled":false,"applicationCacheEnabled":false,"browserConnectionEnabled":false,"cssSelectorsEnabled":true,"webStorageEnabled":false,"rotatable":false,"acceptSslCerts":false,"nativeEvents":true,"proxy":{"proxyType":"direct"}}
[INFO  - 2017-01-07T19:26:51.855Z] SessionManagerReqHand - _postNewSessionCommand - New Session Created: 3dbe3480-d50f-11e6-a0ad-bdae01a0f104
[INFO  - 2017-01-07T19:26:52.418Z] ShutdownReqHand - _handle - About to shutdown
[INFO  - 2017-01-24T00:27:35.390Z] GhostDriver - Main - running on port 38158
[INFO  - 2017-01-24T00:27:35.576Z] Session [e73faf20-e1cb-11e6-8da0-f7b375c2d7cf] - page.settings - {"XSSAuditingEnabled":false,"javascriptCanCloseWindows":true,"javascriptCanOpenWindows":true,"javascriptEnabled":true,"loadImages":true,"localToRemoteUrlAccessEnabled":false,"userAgent":"Mozilla/5.0 (Windows NT 6.2; WOW64) AppleWebKit/538.1 (KHTML, like Gecko) PhantomJS/2.1.1 Safari/538.1","webSecurityEnabled":true}
[INFO  - 2017-01-24T00:27:35.576Z] Session [e73faf20-e1cb-11e6-8da0-f7b375c2d7cf] - page.customHeaders:  - {}
[INFO  - 2017-01-24T00:27:35.576Z] Session [e73faf20-e1cb-11e6-8da0-f7b375c2d7cf] - Session.negotiatedCapabilities - {"browserName":"phantomjs","version":"2.1.1","driverName":"ghostdriver","driverVersion":"1.2.0","platform":"windows-10-32bit","javascriptEnabled":true,"takesScreenshot":true,"handlesAlerts":false,"databaseEnabled":false,"locationContextEnabled":false,"applicationCacheEnabled":false,"browserConnectionEnabled":false,"cssSelectorsEnabled":true,"webStorageEnabled":false,"rotatable":false,"acceptSslCerts":false,"nativeEvents":true,"proxy":{"proxyType":"direct"}}
[INFO  - 2017-01-24T00:27:35.577Z] SessionManagerReqHand - _postNewSessionCommand - New Session Created: e73faf20-e1cb-11e6-8da0-f7b375c2d7cf
[INFO  - 2017-01-24T00:27:36.070Z] ShutdownReqHand - _handle - About to shutdown
[INFO  - 2017-01-24T00:29:03.576Z] GhostDriver - Main - running on port 40549
[INFO  - 2017-01-24T00:29:03.781Z] Session [1bd2b2f0-e1cc-11e6-9179-8f4a53ae66ee] - page.settings - {"XSSAuditingEnabled":false,"javascriptCanCloseWindows":true,"javascriptCanOpenWindows":true,"javascriptEnabled":true,"loadImages":true,"localToRemoteUrlAccessEnabled":false,"userAgent":"Mozilla/5.0 (Windows NT 6.2; WOW64) AppleWebKit/538.1 (KHTML, like Gecko) PhantomJS/2.1.1 Safari/538.1","webSecurityEnabled":true}
[INFO  - 2017-01-24T00:29:03.781Z] Session [1bd2b2f0-e1cc-11e6-9179-8f4a53ae66ee] - page.customHeaders:  - {}
[INFO  - 2017-01-24T00:29:03.781Z] Session [1bd2b2f0-e1cc-11e6-9179-8f4a53ae66ee] - Session.negotiatedCapabilities - {"browserName":"phantomjs","version":"2.1.1","driverName":"ghostdriver","driverVersion":"1.2.0","platform":"windows-10-32bit","javascriptEnabled":true,"takesScreenshot":true,"handlesAlerts":false,"databaseEnabled":false,"locationContextEnabled":false,"applicationCacheEnabled":false,"browserConnectionEnabled":false,"cssSelectorsEnabled":true,"webStorageEnabled":false,"rotatable":false,"acceptSslCerts":false,"nativeEvents":true,"proxy":{"proxyType":"direct"}}
[INFO  - 2017-01-24T00:29:03.781Z] SessionManagerReqHand - _postNewSessionCommand - New Session Created: 1bd2b2f0-e1cc-11e6-9179-8f4a53ae66ee
[INFO  - 2017-01-24T00:29:04.235Z] ShutdownReqHand - _handle - About to shutdown
[INFO  - 2017-01-24T20:00:47.496Z] GhostDriver - Main - running on port 35736
[INFO  - 2017-01-24T20:00:47.807Z] Session [cc49ba90-e26f-11e6-904d-05dcd3014c1a] - page.settings - {"XSSAuditingEnabled":false,"javascriptCanCloseWindows":true,"javascriptCanOpenWindows":true,"javascriptEnabled":true,"loadImages":true,"localToRemoteUrlAccessEnabled":false,"userAgent":"Mozilla/5.0 (Windows NT 6.2; WOW64) AppleWebKit/538.1 (KHTML, like Gecko) PhantomJS/2.1.1 Safari/538.1","webSecurityEnabled":true}
[INFO  - 2017-01-24T20:00:47.807Z] Session [cc49ba90-e26f-11e6-904d-05dcd3014c1a] - page.customHeaders:  - {}
[INFO  - 2017-01-24T20:00:47.807Z] Session [cc49ba90-e26f-11e6-904d-05dcd3014c1a] - Session.negotiatedCapabilities - {"browserName":"phantomjs","version":"2.1.1","driverName":"ghostdriver","driverVersion":"1.2.0","platform":"windows-10-32bit","javascriptEnabled":true,"takesScreenshot":true,"handlesAlerts":false,"databaseEnabled":false,"locationContextEnabled":false,"applicationCacheEnabled":false,"browserConnectionEnabled":false,"cssSelectorsEnabled":true,"webStorageEnabled":false,"rotatable":false,"acceptSslCerts":false,"nativeEvents":true,"proxy":{"proxyType":"direct"}}
[INFO  - 2017-01-24T20:00:47.808Z] SessionManagerReqHand - _postNewSessionCommand - New Session Created: cc49ba90-e26f-11e6-904d-05dcd3014c1a
[INFO  - 2017-01-24T20:00:48.413Z] ShutdownReqHand - _handle - About to shutdown
[INFO  - 2017-01-24T20:11:34.578Z] GhostDriver - Main - running on port 41005
[INFO  - 2017-01-24T20:11:34.867Z] Session [4df73fd0-e271-11e6-84a5-39fd58af50a6] - page.settings - {"XSSAuditingEnabled":false,"javascriptCanCloseWindows":true,"javascriptCanOpenWindows":true,"javascriptEnabled":true,"loadImages":true,"localToRemoteUrlAccessEnabled":false,"userAgent":"Mozilla/5.0 (Windows NT 6.2; WOW64) AppleWebKit/538.1 (KHTML, like Gecko) PhantomJS/2.1.1 Safari/538.1","webSecurityEnabled":true}
[INFO  - 2017-01-24T20:11:34.867Z] Session [4df73fd0-e271-11e6-84a5-39fd58af50a6] - page.customHeaders:  - {}
[INFO  - 2017-01-24T20:11:34.867Z] Session [4df73fd0-e271-11e6-84a5-39fd58af50a6] - Session.negotiatedCapabilities - {"browserName":"phantomjs","version":"2.1.1","driverName":"ghostdriver","driverVersion":"1.2.0","platform":"windows-10-32bit","javascriptEnabled":true,"takesScreenshot":true,"handlesAlerts":false,"databaseEnabled":false,"locationContextEnabled":false,"applicationCacheEnabled":false,"browserConnectionEnabled":false,"cssSelectorsEnabled":true,"webStorageEnabled":false,"rotatable":false,"acceptSslCerts":false,"nativeEvents":true,"proxy":{"proxyType":"direct"}}
[INFO  - 2017-01-24T20:11:34.868Z] SessionManagerReqHand - _postNewSessionCommand - New Session Created: 4df73fd0-e271-11e6-84a5-39fd58af50a6
[INFO  - 2017-01-24T20:11:35.461Z] ShutdownReqHand - _handle - About to shutdown
[INFO  - 2017-01-29T13:51:35.449Z] GhostDriver - Main - running on port 5349
[INFO  - 2017-01-29T13:51:36.171Z] Session [0cf31150-e62a-11e6-933b-57cab21a0ea9] - page.settings - {"XSSAuditingEnabled":false,"javascriptCanCloseWindows":true,"javascriptCanOpenWindows":true,"javascriptEnabled":true,"loadImages":true,"localToRemoteUrlAccessEnabled":false,"userAgent":"Mozilla/5.0 (Windows NT 6.2; WOW64) AppleWebKit/538.1 (KHTML, like Gecko) PhantomJS/2.1.1 Safari/538.1","webSecurityEnabled":true}
[INFO  - 2017-01-29T13:51:36.171Z] Session [0cf31150-e62a-11e6-933b-57cab21a0ea9] - page.customHeaders:  - {}
[INFO  - 2017-01-29T13:51:36.171Z] Session [0cf31150-e62a-11e6-933b-57cab21a0ea9] - Session.negotiatedCapabilities - {"browserName":"phantomjs","version":"2.1.1","driverName":"ghostdriver","driverVersion":"1.2.0","platform":"windows-10-32bit","javascriptEnabled":true,"takesScreenshot":true,"handlesAlerts":false,"databaseEnabled":false,"locationContextEnabled":false,"applicationCacheEnabled":false,"browserConnectionEnabled":false,"cssSelectorsEnabled":true,"webStorageEnabled":false,"rotatable":false,"acceptSslCerts":false,"nativeEvents":true,"proxy":{"proxyType":"direct"}}
[INFO  - 2017-01-29T13:51:36.172Z] SessionManagerReqHand - _postNewSessionCommand - New Session Created: 0cf31150-e62a-11e6-933b-57cab21a0ea9
[INFO  - 2017-01-29T13:51:36.787Z] ShutdownReqHand - _handle - About to shutdown
[INFO  - 2017-01-29T15:45:50.567Z] GhostDriver - Main - running on port 20310
[INFO  - 2017-01-29T15:45:50.776Z] Session [029cc920-e63a-11e6-8a66-e17bde26bbdf] - page.settings - {"XSSAuditingEnabled":false,"javascriptCanCloseWindows":true,"javascriptCanOpenWindows":true,"javascriptEnabled":true,"loadImages":true,"localToRemoteUrlAccessEnabled":false,"userAgent":"Mozilla/5.0 (Windows NT 6.2; WOW64) AppleWebKit/538.1 (KHTML, like Gecko) PhantomJS/2.1.1 Safari/538.1","webSecurityEnabled":true}
[INFO  - 2017-01-29T15:45:50.776Z] Session [029cc920-e63a-11e6-8a66-e17bde26bbdf] - page.customHeaders:  - {}
[INFO  - 2017-01-29T15:45:50.776Z] Session [029cc920-e63a-11e6-8a66-e17bde26bbdf] - Session.negotiatedCapabilities - {"browserName":"phantomjs","version":"2.1.1","driverName":"ghostdriver","driverVersion":"1.2.0","platform":"windows-10-32bit","javascriptEnabled":true,"takesScreenshot":true,"handlesAlerts":false,"databaseEnabled":false,"locationContextEnabled":false,"applicationCacheEnabled":false,"browserConnectionEnabled":false,"cssSelectorsEnabled":true,"webStorageEnabled":false,"rotatable":false,"acceptSslCerts":false,"nativeEvents":true,"proxy":{"proxyType":"direct"}}
[INFO  - 2017-01-29T15:45:50.776Z] SessionManagerReqHand - _postNewSessionCommand - New Session Created: 029cc920-e63a-11e6-8a66-e17bde26bbdf
[INFO  - 2017-01-29T15:45:51.295Z] ShutdownReqHand - _handle - About to shutdown
